{"C:\\Users\\adeshpan\\Documents\\GitHub\\student-app-react\\student-app-server\\app.js": {"path":"C:\\Users\\adeshpan\\Documents\\GitHub\\student-app-react\\student-app-server\\app.js","statementMap":{"0":{"start":{"line":9,"column":11},"end":{"line":9,"column":26}},"1":{"start":{"line":13,"column":12},"end":{"line":13,"column":21}},"2":{"start":{"line":14,"column":0},"end":{"line":14,"column":9}},"3":{"start":{"line":15,"column":0},"end":{"line":15,"column":12}},"4":{"start":{"line":16,"column":0},"end":{"line":16,"column":16}},"5":{"start":{"line":17,"column":0},"end":{"line":17,"column":16}},"6":{"start":{"line":20,"column":0},"end":{"line":20,"column":33}},"7":{"start":{"line":21,"column":0},"end":{"line":21,"column":39}},"8":{"start":{"line":22,"column":0},"end":{"line":22,"column":38}},"9":{"start":{"line":23,"column":0},"end":{"line":23,"column":37}},"10":{"start":{"line":24,"column":0},"end":{"line":24,"column":22}}},"fnMap":{},"branchMap":{},"s":{"0":4,"1":4,"2":4,"3":4,"4":4,"5":4,"6":4,"7":4,"8":4,"9":4,"10":4},"f":{},"b":{},"_coverageSchema":"1a1c01bbd47fc00a2c39e90264f33305004495a9","hash":"cf626a080cf9f88c0059cb9071b736cf37aa5641"}
,"C:\\Users\\adeshpan\\Documents\\GitHub\\student-app-react\\student-app-server\\db.js": {"path":"C:\\Users\\adeshpan\\Documents\\GitHub\\student-app-react\\student-app-server\\db.js","statementMap":{"0":{"start":{"line":1,"column":17},"end":{"line":1,"column":36}},"1":{"start":{"line":3,"column":18},"end":{"line":14,"column":1}},"2":{"start":{"line":4,"column":4},"end":{"line":13,"column":5}},"3":{"start":{"line":5,"column":21},"end":{"line":8,"column":10}},"4":{"start":{"line":9,"column":8},"end":{"line":9,"column":66}},"5":{"start":{"line":11,"column":8},"end":{"line":11,"column":29}},"6":{"start":{"line":12,"column":8},"end":{"line":12,"column":23}},"7":{"start":{"line":16,"column":0},"end":{"line":16,"column":27}}},"fnMap":{"0":{"name":"(anonymous_0)","decl":{"start":{"line":3,"column":18},"end":{"line":3,"column":19}},"loc":{"start":{"line":3,"column":30},"end":{"line":14,"column":1}},"line":3}},"branchMap":{},"s":{"0":4,"1":4,"2":4,"3":4,"4":3,"5":0,"6":0,"7":4},"f":{"0":4},"b":{},"_coverageSchema":"1a1c01bbd47fc00a2c39e90264f33305004495a9","hash":"70d61f6df8d02bb1bcf2e01cb1fb144914dc8b56"}
,"C:\\Users\\adeshpan\\Documents\\GitHub\\student-app-react\\student-app-server\\generateToken.js": {"path":"C:\\Users\\adeshpan\\Documents\\GitHub\\student-app-react\\student-app-server\\generateToken.js","statementMap":{"0":{"start":{"line":3,"column":22},"end":{"line":7,"column":1}},"1":{"start":{"line":4,"column":2},"end":{"line":6,"column":5}}},"fnMap":{"0":{"name":"(anonymous_0)","decl":{"start":{"line":3,"column":22},"end":{"line":3,"column":23}},"loc":{"start":{"line":3,"column":30},"end":{"line":7,"column":1}},"line":3}},"branchMap":{},"s":{"0":4,"1":0},"f":{"0":0},"b":{},"_coverageSchema":"1a1c01bbd47fc00a2c39e90264f33305004495a9","hash":"1b7a382df8d9fab595cc6be68276be762eb82cce"}
,"C:\\Users\\adeshpan\\Documents\\GitHub\\student-app-react\\student-app-server\\controllers\\auth-controller.js": {"path":"C:\\Users\\adeshpan\\Documents\\GitHub\\student-app-react\\student-app-server\\controllers\\auth-controller.js","statementMap":{"0":{"start":{"line":7,"column":17},"end":{"line":44,"column":2}},"1":{"start":{"line":8,"column":47},"end":{"line":8,"column":55}},"2":{"start":{"line":10,"column":23},"end":{"line":10,"column":55}},"3":{"start":{"line":12,"column":4},"end":{"line":18,"column":5}},"4":{"start":{"line":13,"column":8},"end":{"line":13,"column":24}},"5":{"start":{"line":14,"column":8},"end":{"line":16,"column":10}},"6":{"start":{"line":17,"column":8},"end":{"line":17,"column":83}},"7":{"start":{"line":19,"column":20},"end":{"line":19,"column":61}},"8":{"start":{"line":20,"column":17},"end":{"line":26,"column":6}},"9":{"start":{"line":28,"column":4},"end":{"line":43,"column":5}},"10":{"start":{"line":29,"column":8},"end":{"line":36,"column":11}},"11":{"start":{"line":38,"column":8},"end":{"line":38,"column":24}},"12":{"start":{"line":39,"column":8},"end":{"line":41,"column":10}},"13":{"start":{"line":42,"column":8},"end":{"line":42,"column":89}},"14":{"start":{"line":49,"column":18},"end":{"line":70,"column":2}},"15":{"start":{"line":50,"column":35},"end":{"line":50,"column":43}},"16":{"start":{"line":52,"column":17},"end":{"line":52,"column":49}},"17":{"start":{"line":54,"column":4},"end":{"line":69,"column":5}},"18":{"start":{"line":55,"column":6},"end":{"line":62,"column":9}},"19":{"start":{"line":64,"column":6},"end":{"line":64,"column":22}},"20":{"start":{"line":65,"column":6},"end":{"line":67,"column":8}},"21":{"start":{"line":68,"column":6},"end":{"line":68,"column":71}}},"fnMap":{"0":{"name":"(anonymous_0)","decl":{"start":{"line":7,"column":30},"end":{"line":7,"column":31}},"loc":{"start":{"line":7,"column":50},"end":{"line":44,"column":1}},"line":7},"1":{"name":"(anonymous_1)","decl":{"start":{"line":49,"column":31},"end":{"line":49,"column":32}},"loc":{"start":{"line":49,"column":51},"end":{"line":70,"column":1}},"line":49}},"branchMap":{"0":{"loc":{"start":{"line":12,"column":4},"end":{"line":18,"column":5}},"type":"if","locations":[{"start":{"line":12,"column":4},"end":{"line":18,"column":5}},{"start":{},"end":{}}],"line":12},"1":{"loc":{"start":{"line":19,"column":20},"end":{"line":19,"column":61}},"type":"cond-expr","locations":[{"start":{"line":19,"column":49},"end":{"line":19,"column":53}},{"start":{"line":19,"column":56},"end":{"line":19,"column":61}}],"line":19},"2":{"loc":{"start":{"line":28,"column":4},"end":{"line":43,"column":5}},"type":"if","locations":[{"start":{"line":28,"column":4},"end":{"line":43,"column":5}},{"start":{"line":37,"column":11},"end":{"line":43,"column":5}}],"line":28},"3":{"loc":{"start":{"line":54,"column":4},"end":{"line":69,"column":5}},"type":"if","locations":[{"start":{"line":54,"column":4},"end":{"line":69,"column":5}},{"start":{"line":63,"column":11},"end":{"line":69,"column":5}}],"line":54},"4":{"loc":{"start":{"line":54,"column":8},"end":{"line":54,"column":52}},"type":"binary-expr","locations":[{"start":{"line":54,"column":8},"end":{"line":54,"column":12}},{"start":{"line":54,"column":17},"end":{"line":54,"column":51}}],"line":54}},"s":{"0":4,"1":0,"2":0,"3":0,"4":0,"5":0,"6":0,"7":0,"8":0,"9":0,"10":0,"11":0,"12":0,"13":0,"14":4,"15":0,"16":0,"17":0,"18":0,"19":0,"20":0,"21":0},"f":{"0":0,"1":0},"b":{"0":[0,0],"1":[0,0],"2":[0,0],"3":[0,0],"4":[0,0]},"_coverageSchema":"1a1c01bbd47fc00a2c39e90264f33305004495a9","hash":"62089c257325bcda274ba66f58019334318c5530"}
,"C:\\Users\\adeshpan\\Documents\\GitHub\\student-app-react\\student-app-server\\controllers\\courses-controller.js": {"path":"C:\\Users\\adeshpan\\Documents\\GitHub\\student-app-react\\student-app-server\\controllers\\courses-controller.js","statementMap":{"0":{"start":{"line":6,"column":19},"end":{"line":10,"column":2}},"1":{"start":{"line":7,"column":18},"end":{"line":7,"column":52}},"2":{"start":{"line":8,"column":2},"end":{"line":8,"column":20}},"3":{"start":{"line":9,"column":2},"end":{"line":9,"column":22}},"4":{"start":{"line":16,"column":21},"end":{"line":31,"column":2}},"5":{"start":{"line":17,"column":35},"end":{"line":17,"column":43}},"6":{"start":{"line":18,"column":21},"end":{"line":18,"column":40}},"7":{"start":{"line":19,"column":2},"end":{"line":30,"column":3}},"8":{"start":{"line":20,"column":4},"end":{"line":20,"column":20}},"9":{"start":{"line":21,"column":4},"end":{"line":21,"column":43}},"10":{"start":{"line":22,"column":4},"end":{"line":22,"column":50}},"11":{"start":{"line":23,"column":4},"end":{"line":23,"column":11}},"12":{"start":{"line":25,"column":19},"end":{"line":25,"column":69}},"13":{"start":{"line":27,"column":26},"end":{"line":27,"column":45}},"14":{"start":{"line":29,"column":4},"end":{"line":29,"column":40}},"15":{"start":{"line":37,"column":21},"end":{"line":48,"column":2}},"16":{"start":{"line":38,"column":17},"end":{"line":38,"column":59}},"17":{"start":{"line":40,"column":2},"end":{"line":47,"column":3}},"18":{"start":{"line":41,"column":4},"end":{"line":41,"column":29}},"19":{"start":{"line":42,"column":4},"end":{"line":42,"column":44}},"20":{"start":{"line":43,"column":4},"end":{"line":43,"column":20}},"21":{"start":{"line":45,"column":4},"end":{"line":45,"column":20}},"22":{"start":{"line":46,"column":4},"end":{"line":46,"column":33}}},"fnMap":{"0":{"name":"(anonymous_0)","decl":{"start":{"line":6,"column":32},"end":{"line":6,"column":33}},"loc":{"start":{"line":6,"column":52},"end":{"line":10,"column":1}},"line":6},"1":{"name":"(anonymous_1)","decl":{"start":{"line":16,"column":34},"end":{"line":16,"column":35}},"loc":{"start":{"line":16,"column":54},"end":{"line":31,"column":1}},"line":16},"2":{"name":"(anonymous_2)","decl":{"start":{"line":37,"column":34},"end":{"line":37,"column":35}},"loc":{"start":{"line":37,"column":54},"end":{"line":48,"column":1}},"line":37}},"branchMap":{"0":{"loc":{"start":{"line":19,"column":2},"end":{"line":30,"column":3}},"type":"if","locations":[{"start":{"line":19,"column":2},"end":{"line":30,"column":3}},{"start":{"line":24,"column":9},"end":{"line":30,"column":3}}],"line":19},"1":{"loc":{"start":{"line":19,"column":6},"end":{"line":19,"column":32}},"type":"binary-expr","locations":[{"start":{"line":19,"column":6},"end":{"line":19,"column":11}},{"start":{"line":19,"column":15},"end":{"line":19,"column":20}},{"start":{"line":19,"column":23},"end":{"line":19,"column":32}}],"line":19},"2":{"loc":{"start":{"line":40,"column":2},"end":{"line":47,"column":3}},"type":"if","locations":[{"start":{"line":40,"column":2},"end":{"line":47,"column":3}},{"start":{"line":44,"column":9},"end":{"line":47,"column":3}}],"line":40}},"s":{"0":5,"1":1,"2":1,"3":1,"4":5,"5":1,"6":1,"7":1,"8":0,"9":0,"10":0,"11":0,"12":1,"13":1,"14":1,"15":5,"16":2,"17":2,"18":1,"19":1,"20":1,"21":1,"22":1},"f":{"0":1,"1":1,"2":2},"b":{"0":[0,1],"1":[1,1,1],"2":[1,1]},"_coverageSchema":"1a1c01bbd47fc00a2c39e90264f33305004495a9","hash":"a454c2cdb8a13c0400644624d22d7ad6837b7db3"}
,"C:\\Users\\adeshpan\\Documents\\GitHub\\student-app-react\\student-app-server\\controllers\\students-controller.js": {"path":"C:\\Users\\adeshpan\\Documents\\GitHub\\student-app-react\\student-app-server\\controllers\\students-controller.js","statementMap":{"0":{"start":{"line":4,"column":17},"end":{"line":4,"column":36}},"1":{"start":{"line":5,"column":17},"end":{"line":5,"column":40}},"2":{"start":{"line":9,"column":20},"end":{"line":12,"column":2}},"3":{"start":{"line":10,"column":19},"end":{"line":10,"column":39}},"4":{"start":{"line":11,"column":2},"end":{"line":11,"column":21}},"5":{"start":{"line":16,"column":27},"end":{"line":25,"column":2}},"6":{"start":{"line":17,"column":18},"end":{"line":17,"column":65}},"7":{"start":{"line":19,"column":2},"end":{"line":23,"column":3}},"8":{"start":{"line":20,"column":4},"end":{"line":20,"column":22}},"9":{"start":{"line":22,"column":4},"end":{"line":22,"column":59}},"10":{"start":{"line":29,"column":33},"end":{"line":38,"column":2}},"11":{"start":{"line":30,"column":18},"end":{"line":30,"column":84}},"12":{"start":{"line":32,"column":2},"end":{"line":36,"column":3}},"13":{"start":{"line":33,"column":4},"end":{"line":33,"column":22}},"14":{"start":{"line":35,"column":4},"end":{"line":35,"column":59}},"15":{"start":{"line":42,"column":30},"end":{"line":76,"column":2}},"16":{"start":{"line":43,"column":19},"end":{"line":68,"column":3}},"17":{"start":{"line":69,"column":18},"end":{"line":69,"column":51}},"18":{"start":{"line":70,"column":2},"end":{"line":74,"column":3}},"19":{"start":{"line":71,"column":4},"end":{"line":71,"column":22}},"20":{"start":{"line":73,"column":4},"end":{"line":73,"column":59}},"21":{"start":{"line":81,"column":22},"end":{"line":93,"column":2}},"22":{"start":{"line":82,"column":98},"end":{"line":82,"column":106}},"23":{"start":{"line":83,"column":2},"end":{"line":92,"column":3}},"24":{"start":{"line":84,"column":4},"end":{"line":84,"column":20}},"25":{"start":{"line":85,"column":4},"end":{"line":85,"column":43}},"26":{"start":{"line":87,"column":20},"end":{"line":87,"column":120}},"27":{"start":{"line":89,"column":27},"end":{"line":89,"column":47}},"28":{"start":{"line":91,"column":4},"end":{"line":91,"column":41}},"29":{"start":{"line":98,"column":22},"end":{"line":108,"column":2}},"30":{"start":{"line":99,"column":18},"end":{"line":99,"column":65}},"31":{"start":{"line":101,"column":2},"end":{"line":107,"column":3}},"32":{"start":{"line":102,"column":4},"end":{"line":102,"column":30}},"33":{"start":{"line":103,"column":4},"end":{"line":103,"column":45}},"34":{"start":{"line":105,"column":4},"end":{"line":105,"column":20}},"35":{"start":{"line":106,"column":4},"end":{"line":106,"column":34}},"36":{"start":{"line":113,"column":22},"end":{"line":135,"column":2}},"37":{"start":{"line":114,"column":90},"end":{"line":114,"column":98}},"38":{"start":{"line":116,"column":18},"end":{"line":116,"column":65}},"39":{"start":{"line":118,"column":2},"end":{"line":134,"column":3}},"40":{"start":{"line":119,"column":4},"end":{"line":119,"column":27}},"41":{"start":{"line":120,"column":4},"end":{"line":120,"column":47}},"42":{"start":{"line":121,"column":4},"end":{"line":121,"column":33}},"43":{"start":{"line":122,"column":4},"end":{"line":122,"column":25}},"44":{"start":{"line":123,"column":4},"end":{"line":123,"column":29}},"45":{"start":{"line":124,"column":4},"end":{"line":124,"column":43}},"46":{"start":{"line":125,"column":4},"end":{"line":125,"column":31}},"47":{"start":{"line":126,"column":4},"end":{"line":126,"column":39}},"48":{"start":{"line":128,"column":27},"end":{"line":128,"column":50}},"49":{"start":{"line":129,"column":4},"end":{"line":129,"column":29}},"50":{"start":{"line":130,"column":4},"end":{"line":130,"column":20}},"51":{"start":{"line":132,"column":4},"end":{"line":132,"column":20}},"52":{"start":{"line":133,"column":4},"end":{"line":133,"column":34}}},"fnMap":{"0":{"name":"(anonymous_0)","decl":{"start":{"line":9,"column":33},"end":{"line":9,"column":34}},"loc":{"start":{"line":9,"column":53},"end":{"line":12,"column":1}},"line":9},"1":{"name":"(anonymous_1)","decl":{"start":{"line":16,"column":40},"end":{"line":16,"column":41}},"loc":{"start":{"line":16,"column":60},"end":{"line":25,"column":1}},"line":16},"2":{"name":"(anonymous_2)","decl":{"start":{"line":29,"column":46},"end":{"line":29,"column":47}},"loc":{"start":{"line":29,"column":66},"end":{"line":38,"column":1}},"line":29},"3":{"name":"(anonymous_3)","decl":{"start":{"line":42,"column":43},"end":{"line":42,"column":44}},"loc":{"start":{"line":42,"column":63},"end":{"line":76,"column":1}},"line":42},"4":{"name":"(anonymous_4)","decl":{"start":{"line":81,"column":35},"end":{"line":81,"column":36}},"loc":{"start":{"line":81,"column":55},"end":{"line":93,"column":1}},"line":81},"5":{"name":"(anonymous_5)","decl":{"start":{"line":98,"column":35},"end":{"line":98,"column":36}},"loc":{"start":{"line":98,"column":55},"end":{"line":108,"column":1}},"line":98},"6":{"name":"(anonymous_6)","decl":{"start":{"line":113,"column":35},"end":{"line":113,"column":36}},"loc":{"start":{"line":113,"column":55},"end":{"line":135,"column":1}},"line":113}},"branchMap":{"0":{"loc":{"start":{"line":19,"column":2},"end":{"line":23,"column":3}},"type":"if","locations":[{"start":{"line":19,"column":2},"end":{"line":23,"column":3}},{"start":{"line":21,"column":9},"end":{"line":23,"column":3}}],"line":19},"1":{"loc":{"start":{"line":32,"column":2},"end":{"line":36,"column":3}},"type":"if","locations":[{"start":{"line":32,"column":2},"end":{"line":36,"column":3}},{"start":{"line":34,"column":9},"end":{"line":36,"column":3}}],"line":32},"2":{"loc":{"start":{"line":70,"column":2},"end":{"line":74,"column":3}},"type":"if","locations":[{"start":{"line":70,"column":2},"end":{"line":74,"column":3}},{"start":{"line":72,"column":9},"end":{"line":74,"column":3}}],"line":70},"3":{"loc":{"start":{"line":83,"column":2},"end":{"line":92,"column":3}},"type":"if","locations":[{"start":{"line":83,"column":2},"end":{"line":92,"column":3}},{"start":{"line":86,"column":9},"end":{"line":92,"column":3}}],"line":83},"4":{"loc":{"start":{"line":83,"column":6},"end":{"line":83,"column":22}},"type":"binary-expr","locations":[{"start":{"line":83,"column":6},"end":{"line":83,"column":13}},{"start":{"line":83,"column":17},"end":{"line":83,"column":22}}],"line":83},"5":{"loc":{"start":{"line":101,"column":2},"end":{"line":107,"column":3}},"type":"if","locations":[{"start":{"line":101,"column":2},"end":{"line":107,"column":3}},{"start":{"line":104,"column":9},"end":{"line":107,"column":3}}],"line":101},"6":{"loc":{"start":{"line":118,"column":2},"end":{"line":134,"column":3}},"type":"if","locations":[{"start":{"line":118,"column":2},"end":{"line":134,"column":3}},{"start":{"line":131,"column":9},"end":{"line":134,"column":3}}],"line":118}},"s":{"0":5,"1":5,"2":5,"3":1,"4":1,"5":5,"6":1,"7":1,"8":1,"9":0,"10":5,"11":1,"12":1,"13":1,"14":0,"15":5,"16":1,"17":1,"18":1,"19":1,"20":0,"21":5,"22":1,"23":1,"24":0,"25":0,"26":1,"27":1,"28":1,"29":5,"30":2,"31":2,"32":1,"33":1,"34":1,"35":1,"36":5,"37":1,"38":1,"39":1,"40":1,"41":1,"42":1,"43":1,"44":1,"45":1,"46":1,"47":1,"48":1,"49":1,"50":1,"51":0,"52":0},"f":{"0":1,"1":1,"2":1,"3":1,"4":1,"5":2,"6":1},"b":{"0":[1,0],"1":[1,0],"2":[1,0],"3":[0,1],"4":[1,1],"5":[1,1],"6":[1,0]},"_coverageSchema":"1a1c01bbd47fc00a2c39e90264f33305004495a9","hash":"ee20d31da7a6f9b2eecbdf8c91f4b973098e2f18"}
,"C:\\Users\\adeshpan\\Documents\\GitHub\\student-app-react\\student-app-server\\controllers\\university-controllers.js": {"path":"C:\\Users\\adeshpan\\Documents\\GitHub\\student-app-react\\student-app-server\\controllers\\university-controllers.js","statementMap":{"0":{"start":{"line":7,"column":24},"end":{"line":10,"column":2}},"1":{"start":{"line":8,"column":23},"end":{"line":8,"column":95}},"2":{"start":{"line":9,"column":2},"end":{"line":9,"column":25}},"3":{"start":{"line":15,"column":25},"end":{"line":29,"column":2}},"4":{"start":{"line":16,"column":80},"end":{"line":16,"column":88}},"5":{"start":{"line":17,"column":21},"end":{"line":17,"column":30}},"6":{"start":{"line":18,"column":2},"end":{"line":28,"column":3}},"7":{"start":{"line":19,"column":4},"end":{"line":19,"column":20}},"8":{"start":{"line":20,"column":4},"end":{"line":20,"column":43}},"9":{"start":{"line":23,"column":23},"end":{"line":23,"column":122}},"10":{"start":{"line":25,"column":30},"end":{"line":25,"column":53}},"11":{"start":{"line":27,"column":4},"end":{"line":27,"column":44}},"12":{"start":{"line":34,"column":25},"end":{"line":44,"column":2}},"13":{"start":{"line":35,"column":21},"end":{"line":35,"column":67}},"14":{"start":{"line":37,"column":2},"end":{"line":43,"column":3}},"15":{"start":{"line":38,"column":4},"end":{"line":38,"column":33}},"16":{"start":{"line":39,"column":4},"end":{"line":39,"column":48}},"17":{"start":{"line":41,"column":4},"end":{"line":41,"column":20}},"18":{"start":{"line":42,"column":4},"end":{"line":42,"column":37}}},"fnMap":{"0":{"name":"(anonymous_0)","decl":{"start":{"line":7,"column":37},"end":{"line":7,"column":38}},"loc":{"start":{"line":7,"column":57},"end":{"line":10,"column":1}},"line":7},"1":{"name":"(anonymous_1)","decl":{"start":{"line":15,"column":38},"end":{"line":15,"column":39}},"loc":{"start":{"line":15,"column":58},"end":{"line":29,"column":1}},"line":15},"2":{"name":"(anonymous_2)","decl":{"start":{"line":34,"column":38},"end":{"line":34,"column":39}},"loc":{"start":{"line":34,"column":58},"end":{"line":44,"column":1}},"line":34}},"branchMap":{"0":{"loc":{"start":{"line":18,"column":2},"end":{"line":28,"column":3}},"type":"if","locations":[{"start":{"line":18,"column":2},"end":{"line":28,"column":3}},{"start":{"line":22,"column":9},"end":{"line":28,"column":3}}],"line":18},"1":{"loc":{"start":{"line":18,"column":6},"end":{"line":18,"column":20}},"type":"binary-expr","locations":[{"start":{"line":18,"column":6},"end":{"line":18,"column":11}},{"start":{"line":18,"column":15},"end":{"line":18,"column":20}}],"line":18},"2":{"loc":{"start":{"line":37,"column":2},"end":{"line":43,"column":3}},"type":"if","locations":[{"start":{"line":37,"column":2},"end":{"line":43,"column":3}},{"start":{"line":40,"column":9},"end":{"line":43,"column":3}}],"line":37}},"s":{"0":5,"1":1,"2":1,"3":5,"4":1,"5":1,"6":1,"7":0,"8":0,"9":1,"10":1,"11":1,"12":5,"13":2,"14":2,"15":1,"16":1,"17":1,"18":1},"f":{"0":1,"1":1,"2":2},"b":{"0":[0,1],"1":[1,1],"2":[1,1]},"_coverageSchema":"1a1c01bbd47fc00a2c39e90264f33305004495a9","hash":"3fcae1b92ddaf92ce2b37269860c2637e6a1c966"}
,"C:\\Users\\adeshpan\\Documents\\GitHub\\student-app-react\\student-app-server\\middleware\\error-handler.js": {"path":"C:\\Users\\adeshpan\\Documents\\GitHub\\student-app-react\\student-app-server\\middleware\\error-handler.js","statementMap":{"0":{"start":{"line":2,"column":4},"end":{"line":2,"column":36}},"1":{"start":{"line":3,"column":16},"end":{"line":3,"column":44}},"2":{"start":{"line":4,"column":4},"end":{"line":4,"column":20}},"3":{"start":{"line":5,"column":4},"end":{"line":5,"column":13}},"4":{"start":{"line":10,"column":23},"end":{"line":10,"column":68}},"5":{"start":{"line":11,"column":4},"end":{"line":11,"column":27}},"6":{"start":{"line":12,"column":4},"end":{"line":15,"column":7}},"7":{"start":{"line":19,"column":2},"end":{"line":21,"column":3}}},"fnMap":{"0":{"name":"notFound","decl":{"start":{"line":1,"column":9},"end":{"line":1,"column":17}},"loc":{"start":{"line":1,"column":20},"end":{"line":6,"column":3}},"line":1},"1":{"name":"errorHandler","decl":{"start":{"line":8,"column":11},"end":{"line":8,"column":23}},"loc":{"start":{"line":8,"column":40},"end":{"line":16,"column":3}},"line":8}},"branchMap":{"0":{"loc":{"start":{"line":10,"column":23},"end":{"line":10,"column":68}},"type":"cond-expr","locations":[{"start":{"line":10,"column":48},"end":{"line":10,"column":51}},{"start":{"line":10,"column":54},"end":{"line":10,"column":68}}],"line":10},"1":{"loc":{"start":{"line":14,"column":13},"end":{"line":14,"column":69}},"type":"cond-expr","locations":[{"start":{"line":14,"column":53},"end":{"line":14,"column":57}},{"start":{"line":14,"column":60},"end":{"line":14,"column":69}}],"line":14}},"s":{"0":0,"1":0,"2":0,"3":0,"4":0,"5":0,"6":0,"7":7},"f":{"0":0,"1":0},"b":{"0":[0,0],"1":[0,0]},"_coverageSchema":"1a1c01bbd47fc00a2c39e90264f33305004495a9","hash":"b96222a2af31300b89fe3a4721a523feb3d137ee"}
,"C:\\Users\\adeshpan\\Documents\\GitHub\\student-app-react\\student-app-server\\models\\authModel.js": {"path":"C:\\Users\\adeshpan\\Documents\\GitHub\\student-app-react\\student-app-server\\models\\authModel.js","statementMap":{"0":{"start":{"line":6,"column":19},"end":{"line":35,"column":3}},"1":{"start":{"line":37,"column":2},"end":{"line":39,"column":4}},"2":{"start":{"line":38,"column":4},"end":{"line":38,"column":64}},"3":{"start":{"line":42,"column":2},"end":{"line":48,"column":5}},"4":{"start":{"line":43,"column":4},"end":{"line":45,"column":5}},"5":{"start":{"line":44,"column":6},"end":{"line":44,"column":13}},"6":{"start":{"line":46,"column":17},"end":{"line":46,"column":41}},"7":{"start":{"line":47,"column":4},"end":{"line":47,"column":59}},"8":{"start":{"line":50,"column":15},"end":{"line":50,"column":49}}},"fnMap":{"0":{"name":"(anonymous_0)","decl":{"start":{"line":37,"column":37},"end":{"line":37,"column":38}},"loc":{"start":{"line":37,"column":70},"end":{"line":39,"column":3}},"line":37},"1":{"name":"(anonymous_1)","decl":{"start":{"line":42,"column":25},"end":{"line":42,"column":26}},"loc":{"start":{"line":42,"column":47},"end":{"line":48,"column":3}},"line":42}},"branchMap":{"0":{"loc":{"start":{"line":43,"column":4},"end":{"line":45,"column":5}},"type":"if","locations":[{"start":{"line":43,"column":4},"end":{"line":45,"column":5}},{"start":{},"end":{}}],"line":43}},"s":{"0":4,"1":4,"2":0,"3":4,"4":0,"5":0,"6":0,"7":0,"8":4},"f":{"0":0,"1":0},"b":{"0":[0,0]},"_coverageSchema":"1a1c01bbd47fc00a2c39e90264f33305004495a9","hash":"714f3024a8e9cc51fca29b82d97692739b34bff1"}
,"C:\\Users\\adeshpan\\Documents\\GitHub\\student-app-react\\student-app-server\\models\\coursesModel.js": {"path":"C:\\Users\\adeshpan\\Documents\\GitHub\\student-app-react\\student-app-server\\models\\coursesModel.js","statementMap":{"0":{"start":{"line":4,"column":21},"end":{"line":23,"column":1}},"1":{"start":{"line":25,"column":15},"end":{"line":25,"column":53}}},"fnMap":{},"branchMap":{},"s":{"0":7,"1":7},"f":{},"b":{},"_coverageSchema":"1a1c01bbd47fc00a2c39e90264f33305004495a9","hash":"fb235e3b7d7a42570b2ccbda2f2c08d90e819acf"}
,"C:\\Users\\adeshpan\\Documents\\GitHub\\student-app-react\\student-app-server\\models\\studentModel.js": {"path":"C:\\Users\\adeshpan\\Documents\\GitHub\\student-app-react\\student-app-server\\models\\studentModel.js","statementMap":{"0":{"start":{"line":4,"column":22},"end":{"line":54,"column":1}},"1":{"start":{"line":57,"column":16},"end":{"line":57,"column":56}}},"fnMap":{},"branchMap":{},"s":{"0":5,"1":5},"f":{},"b":{},"_coverageSchema":"1a1c01bbd47fc00a2c39e90264f33305004495a9","hash":"423d4132b140ff486a9c659447fc7d81a55e9230"}
,"C:\\Users\\adeshpan\\Documents\\GitHub\\student-app-react\\student-app-server\\models\\universityModel.js": {"path":"C:\\Users\\adeshpan\\Documents\\GitHub\\student-app-react\\student-app-server\\models\\universityModel.js","statementMap":{"0":{"start":{"line":4,"column":25},"end":{"line":48,"column":1}},"1":{"start":{"line":50,"column":19},"end":{"line":50,"column":65}}},"fnMap":{},"branchMap":{},"s":{"0":5,"1":5},"f":{},"b":{},"_coverageSchema":"1a1c01bbd47fc00a2c39e90264f33305004495a9","hash":"32c2f53817b7b2f86132027399f067d1b98dbd2d"}
,"C:\\Users\\adeshpan\\Documents\\GitHub\\student-app-react\\student-app-server\\routes\\authroutes.js": {"path":"C:\\Users\\adeshpan\\Documents\\GitHub\\student-app-react\\student-app-server\\routes\\authroutes.js","statementMap":{"0":{"start":{"line":6,"column":15},"end":{"line":6,"column":23}},"1":{"start":{"line":8,"column":0},"end":{"line":8,"column":41}},"2":{"start":{"line":9,"column":0},"end":{"line":9,"column":39}}},"fnMap":{},"branchMap":{},"s":{"0":4,"1":4,"2":4},"f":{},"b":{},"_coverageSchema":"1a1c01bbd47fc00a2c39e90264f33305004495a9","hash":"5f5d6e6c3539ff34465f7b77542eb3a4f1314e6f"}
,"C:\\Users\\adeshpan\\Documents\\GitHub\\student-app-react\\student-app-server\\routes\\courseroutes.js": {"path":"C:\\Users\\adeshpan\\Documents\\GitHub\\student-app-react\\student-app-server\\routes\\courseroutes.js","statementMap":{"0":{"start":{"line":11,"column":15},"end":{"line":11,"column":31}},"1":{"start":{"line":13,"column":0},"end":{"line":13,"column":34}},"2":{"start":{"line":14,"column":0},"end":{"line":14,"column":43}},"3":{"start":{"line":15,"column":0},"end":{"line":17,"column":24}},"4":{"start":{"line":18,"column":0},"end":{"line":18,"column":21}}},"fnMap":{},"branchMap":{},"s":{"0":5,"1":5,"2":5,"3":5,"4":5},"f":{},"b":{},"_coverageSchema":"1a1c01bbd47fc00a2c39e90264f33305004495a9","hash":"199c23d015be3b34d45ebf155241bf461a22728c"}
,"C:\\Users\\adeshpan\\Documents\\GitHub\\student-app-react\\student-app-server\\routes\\studentroutes.js": {"path":"C:\\Users\\adeshpan\\Documents\\GitHub\\student-app-react\\student-app-server\\routes\\studentroutes.js","statementMap":{"0":{"start":{"line":15,"column":15},"end":{"line":15,"column":31}},"1":{"start":{"line":17,"column":0},"end":{"line":17,"column":35}},"2":{"start":{"line":18,"column":0},"end":{"line":22,"column":22}},"3":{"start":{"line":24,"column":0},"end":{"line":26,"column":32}},"4":{"start":{"line":28,"column":0},"end":{"line":30,"column":29}},"5":{"start":{"line":32,"column":0},"end":{"line":32,"column":44}},"6":{"start":{"line":33,"column":0},"end":{"line":33,"column":21}}},"fnMap":{},"branchMap":{},"s":{"0":5,"1":5,"2":5,"3":5,"4":5,"5":5,"6":5},"f":{},"b":{},"_coverageSchema":"1a1c01bbd47fc00a2c39e90264f33305004495a9","hash":"f1b3ce87bcae43c68f8144ae1e1e3c54bc456a4b"}
,"C:\\Users\\adeshpan\\Documents\\GitHub\\student-app-react\\student-app-server\\routes\\universityroutes.js": {"path":"C:\\Users\\adeshpan\\Documents\\GitHub\\student-app-react\\student-app-server\\routes\\universityroutes.js","statementMap":{"0":{"start":{"line":11,"column":15},"end":{"line":11,"column":31}},"1":{"start":{"line":13,"column":0},"end":{"line":13,"column":39}},"2":{"start":{"line":14,"column":0},"end":{"line":16,"column":27}},"3":{"start":{"line":17,"column":0},"end":{"line":17,"column":47}},"4":{"start":{"line":18,"column":0},"end":{"line":18,"column":21}}},"fnMap":{},"branchMap":{},"s":{"0":5,"1":5,"2":5,"3":5,"4":5},"f":{},"b":{},"_coverageSchema":"1a1c01bbd47fc00a2c39e90264f33305004495a9","hash":"1869c827047699eb131274c9e9e8664469cefb0e"}
}
