TN:
SF:app.js
FNF:0
FNH:0
DA:9,4
DA:13,4
DA:14,4
DA:15,4
DA:16,4
DA:17,4
DA:20,4
DA:21,4
DA:22,4
DA:23,4
DA:24,4
LF:11
LH:11
BRF:0
BRH:0
end_of_record
TN:
SF:db.js
FN:3,(anonymous_0)
FNF:1
FNH:1
FNDA:4,(anonymous_0)
DA:1,4
DA:3,4
DA:4,4
DA:5,4
DA:9,3
DA:11,0
DA:12,0
DA:16,4
LF:8
LH:6
BRF:0
BRH:0
end_of_record
TN:
SF:generateToken.js
FN:3,(anonymous_0)
FNF:1
FNH:0
FNDA:0,(anonymous_0)
DA:3,4
DA:4,0
LF:2
LH:1
BRF:0
BRH:0
end_of_record
TN:
SF:controllers\auth-controller.js
FN:7,(anonymous_0)
FN:49,(anonymous_1)
FNF:2
FNH:0
FNDA:0,(anonymous_0)
FNDA:0,(anonymous_1)
DA:7,4
DA:8,0
DA:10,0
DA:12,0
DA:13,0
DA:14,0
DA:17,0
DA:19,0
DA:20,0
DA:28,0
DA:29,0
DA:38,0
DA:39,0
DA:42,0
DA:49,4
DA:50,0
DA:52,0
DA:54,0
DA:55,0
DA:64,0
DA:65,0
DA:68,0
LF:22
LH:2
BRDA:12,0,0,0
BRDA:12,0,1,0
BRDA:19,1,0,0
BRDA:19,1,1,0
BRDA:28,2,0,0
BRDA:28,2,1,0
BRDA:54,3,0,0
BRDA:54,3,1,0
BRDA:54,4,0,0
BRDA:54,4,1,0
BRF:10
BRH:0
end_of_record
TN:
SF:controllers\courses-controller.js
FN:6,(anonymous_0)
FN:16,(anonymous_1)
FN:37,(anonymous_2)
FNF:3
FNH:3
FNDA:1,(anonymous_0)
FNDA:1,(anonymous_1)
FNDA:2,(anonymous_2)
DA:6,5
DA:7,1
DA:8,1
DA:9,1
DA:16,5
DA:17,1
DA:18,1
DA:19,1
DA:20,0
DA:21,0
DA:22,0
DA:23,0
DA:25,1
DA:27,1
DA:29,1
DA:37,5
DA:38,2
DA:40,2
DA:41,1
DA:42,1
DA:43,1
DA:45,1
DA:46,1
LF:23
LH:19
BRDA:19,0,0,0
BRDA:19,0,1,1
BRDA:19,1,0,1
BRDA:19,1,1,1
BRDA:19,1,2,1
BRDA:40,2,0,1
BRDA:40,2,1,1
BRF:7
BRH:6
end_of_record
TN:
SF:controllers\students-controller.js
FN:9,(anonymous_0)
FN:16,(anonymous_1)
FN:29,(anonymous_2)
FN:42,(anonymous_3)
FN:81,(anonymous_4)
FN:98,(anonymous_5)
FN:113,(anonymous_6)
FNF:7
FNH:7
FNDA:1,(anonymous_0)
FNDA:1,(anonymous_1)
FNDA:1,(anonymous_2)
FNDA:1,(anonymous_3)
FNDA:1,(anonymous_4)
FNDA:2,(anonymous_5)
FNDA:1,(anonymous_6)
DA:4,5
DA:5,5
DA:9,5
DA:10,1
DA:11,1
DA:16,5
DA:17,1
DA:19,1
DA:20,1
DA:22,0
DA:29,5
DA:30,1
DA:32,1
DA:33,1
DA:35,0
DA:42,5
DA:43,1
DA:69,1
DA:70,1
DA:71,1
DA:73,0
DA:81,5
DA:82,1
DA:83,1
DA:84,0
DA:85,0
DA:87,1
DA:89,1
DA:91,1
DA:98,5
DA:99,2
DA:101,2
DA:102,1
DA:103,1
DA:105,1
DA:106,1
DA:113,5
DA:114,1
DA:116,1
DA:118,1
DA:119,1
DA:120,1
DA:121,1
DA:122,1
DA:123,1
DA:124,1
DA:125,1
DA:126,1
DA:128,1
DA:129,1
DA:130,1
DA:132,0
DA:133,0
LF:53
LH:46
BRDA:19,0,0,1
BRDA:19,0,1,0
BRDA:32,1,0,1
BRDA:32,1,1,0
BRDA:70,2,0,1
BRDA:70,2,1,0
BRDA:83,3,0,0
BRDA:83,3,1,1
BRDA:83,4,0,1
BRDA:83,4,1,1
BRDA:101,5,0,1
BRDA:101,5,1,1
BRDA:118,6,0,1
BRDA:118,6,1,0
BRF:14
BRH:9
end_of_record
TN:
SF:controllers\university-controllers.js
FN:7,(anonymous_0)
FN:15,(anonymous_1)
FN:34,(anonymous_2)
FNF:3
FNH:3
FNDA:1,(anonymous_0)
FNDA:1,(anonymous_1)
FNDA:2,(anonymous_2)
DA:7,5
DA:8,1
DA:9,1
DA:15,5
DA:16,1
DA:17,1
DA:18,1
DA:19,0
DA:20,0
DA:23,1
DA:25,1
DA:27,1
DA:34,5
DA:35,2
DA:37,2
DA:38,1
DA:39,1
DA:41,1
DA:42,1
LF:19
LH:17
BRDA:18,0,0,0
BRDA:18,0,1,1
BRDA:18,1,0,1
BRDA:18,1,1,1
BRDA:37,2,0,1
BRDA:37,2,1,1
BRF:6
BRH:5
end_of_record
TN:
SF:middleware\error-handler.js
FN:1,notFound
FN:8,errorHandler
FNF:2
FNH:0
FNDA:0,notFound
FNDA:0,errorHandler
DA:2,0
DA:3,0
DA:4,0
DA:5,0
DA:10,0
DA:11,0
DA:12,0
DA:19,7
LF:8
LH:1
BRDA:10,0,0,0
BRDA:10,0,1,0
BRDA:14,1,0,0
BRDA:14,1,1,0
BRF:4
BRH:0
end_of_record
TN:
SF:models\authModel.js
FN:37,(anonymous_0)
FN:42,(anonymous_1)
FNF:2
FNH:0
FNDA:0,(anonymous_0)
FNDA:0,(anonymous_1)
DA:6,4
DA:37,4
DA:38,0
DA:42,4
DA:43,0
DA:44,0
DA:46,0
DA:47,0
DA:50,4
LF:9
LH:4
BRDA:43,0,0,0
BRDA:43,0,1,0
BRF:2
BRH:0
end_of_record
TN:
SF:models\coursesModel.js
FNF:0
FNH:0
DA:4,7
DA:25,7
LF:2
LH:2
BRF:0
BRH:0
end_of_record
TN:
SF:models\studentModel.js
FNF:0
FNH:0
DA:4,5
DA:57,5
LF:2
LH:2
BRF:0
BRH:0
end_of_record
TN:
SF:models\universityModel.js
FNF:0
FNH:0
DA:4,5
DA:50,5
LF:2
LH:2
BRF:0
BRH:0
end_of_record
TN:
SF:routes\authroutes.js
FNF:0
FNH:0
DA:6,4
DA:8,4
DA:9,4
LF:3
LH:3
BRF:0
BRH:0
end_of_record
TN:
SF:routes\courseroutes.js
FNF:0
FNH:0
DA:11,5
DA:13,5
DA:14,5
DA:15,5
DA:18,5
LF:5
LH:5
BRF:0
BRH:0
end_of_record
TN:
SF:routes\studentroutes.js
FNF:0
FNH:0
DA:15,5
DA:17,5
DA:18,5
DA:24,5
DA:28,5
DA:32,5
DA:33,5
LF:7
LH:7
BRF:0
BRH:0
end_of_record
TN:
SF:routes\universityroutes.js
FNF:0
FNH:0
DA:11,5
DA:13,5
DA:14,5
DA:17,5
DA:18,5
LF:5
LH:5
BRF:0
BRH:0
end_of_record
